<?xml version="1.0" encoding="UTF-8"?>
<testsuite xmlns:xsi="http://www.w3.org/2001/XMLSchema-instance" xsi:noNamespaceSchemaLocation="https://maven.apache.org/surefire/maven-surefire-plugin/xsd/surefire-test-report-3.0.xsd" version="3.0" name="Chaves.ProjetoLicitacoes.AppTest" time="0.02" tests="1" errors="0" skipped="0" failures="0">
  <properties>
    <property name="java.specification.version" value="22"/>
    <property name="sun.cpu.isalist" value="amd64"/>
    <property name="sun.jnu.encoding" value="Cp1252"/>
    <property name="java.class.path" value="C:\Users\EDUCACAO\eclipse-workspace\ProjetoPOO2\target\test-classes;C:\Users\EDUCACAO\eclipse-workspace\ProjetoPOO2\target\classes;C:\Users\EDUCACAO\.m2\repository\junit\junit\3.8.1\junit-3.8.1.jar;C:\Users\EDUCACAO\.m2\repository\org\openjfx\javafx-controls\23\javafx-controls-23.jar;C:\Users\EDUCACAO\.m2\repository\org\openjfx\javafx-controls\23\javafx-controls-23-win.jar;C:\Users\EDUCACAO\.m2\repository\org\openjfx\javafx-fxml\23\javafx-fxml-23.jar;C:\Users\EDUCACAO\.m2\repository\org\openjfx\javafx-fxml\23\javafx-fxml-23-win.jar;C:\Users\EDUCACAO\.m2\repository\org\openjfx\javafx-graphics\23\javafx-graphics-23.jar;C:\Users\EDUCACAO\.m2\repository\org\openjfx\javafx-graphics\23\javafx-graphics-23-win.jar;C:\Users\EDUCACAO\.m2\repository\org\openjfx\javafx-base\23\javafx-base-23.jar;C:\Users\EDUCACAO\.m2\repository\org\openjfx\javafx-base\23\javafx-base-23-win.jar;C:\Users\EDUCACAO\.m2\repository\org\postgresql\postgresql\42.7.4\postgresql-42.7.4.jar;C:\Users\EDUCACAO\.m2\repository\org\checkerframework\checker-qual\3.42.0\checker-qual-3.42.0.jar;"/>
    <property name="java.vm.vendor" value="Eclipse Adoptium"/>
    <property name="sun.arch.data.model" value="64"/>
    <property name="user.variant" value=""/>
    <property name="java.vendor.url" value="https://adoptium.net/"/>
    <property name="user.timezone" value="America/Sao_Paulo"/>
    <property name="os.name" value="Windows 10"/>
    <property name="java.vm.specification.version" value="22"/>
    <property name="sun.java.launcher" value="SUN_STANDARD"/>
    <property name="user.country" value="BR"/>
    <property name="sun.boot.library.path" value="C:\Users\EDUCACAO\.p2\pool\plugins\org.eclipse.justj.openjdk.hotspot.jre.full.win32.x86_64_22.0.1.v20240426-1149\jre\bin"/>
    <property name="sun.java.command" value="C:\Users\EDUCACAO\AppData\Local\Temp\surefire12018799511147825464\surefirebooter-20241210160503107_3.jar C:\Users\EDUCACAO\AppData\Local\Temp\surefire12018799511147825464 2024-12-10T16-05-02_260-jvmRun1 surefire-20241210160503107_1tmp surefire_0-20241210160503107_2tmp"/>
    <property name="jdk.debug" value="release"/>
    <property name="surefire.test.class.path" value="C:\Users\EDUCACAO\eclipse-workspace\ProjetoPOO2\target\test-classes;C:\Users\EDUCACAO\eclipse-workspace\ProjetoPOO2\target\classes;C:\Users\EDUCACAO\.m2\repository\junit\junit\3.8.1\junit-3.8.1.jar;C:\Users\EDUCACAO\.m2\repository\org\openjfx\javafx-controls\23\javafx-controls-23.jar;C:\Users\EDUCACAO\.m2\repository\org\openjfx\javafx-controls\23\javafx-controls-23-win.jar;C:\Users\EDUCACAO\.m2\repository\org\openjfx\javafx-fxml\23\javafx-fxml-23.jar;C:\Users\EDUCACAO\.m2\repository\org\openjfx\javafx-fxml\23\javafx-fxml-23-win.jar;C:\Users\EDUCACAO\.m2\repository\org\openjfx\javafx-graphics\23\javafx-graphics-23.jar;C:\Users\EDUCACAO\.m2\repository\org\openjfx\javafx-graphics\23\javafx-graphics-23-win.jar;C:\Users\EDUCACAO\.m2\repository\org\openjfx\javafx-base\23\javafx-base-23.jar;C:\Users\EDUCACAO\.m2\repository\org\openjfx\javafx-base\23\javafx-base-23-win.jar;C:\Users\EDUCACAO\.m2\repository\org\postgresql\postgresql\42.7.4\postgresql-42.7.4.jar;C:\Users\EDUCACAO\.m2\repository\org\checkerframework\checker-qual\3.42.0\checker-qual-3.42.0.jar;"/>
    <property name="sun.cpu.endian" value="little"/>
    <property name="user.home" value="C:\Users\EDUCACAO"/>
    <property name="user.language" value="pt"/>
    <property name="java.specification.vendor" value="Oracle Corporation"/>
    <property name="java.version.date" value="2024-04-16"/>
    <property name="java.home" value="C:\Users\EDUCACAO\.p2\pool\plugins\org.eclipse.justj.openjdk.hotspot.jre.full.win32.x86_64_22.0.1.v20240426-1149\jre"/>
    <property name="file.separator" value="\"/>
    <property name="basedir" value="C:\Users\EDUCACAO\eclipse-workspace\ProjetoPOO2"/>
    <property name="style.color" value="always"/>
    <property name="java.vm.compressedOopsMode" value="32-bit"/>
    <property name="line.separator" value="&#10;"/>
    <property name="java.vm.specification.vendor" value="Oracle Corporation"/>
    <property name="java.specification.name" value="Java Platform API Specification"/>
    <property name="surefire.real.class.path" value="C:\Users\EDUCACAO\AppData\Local\Temp\surefire12018799511147825464\surefirebooter-20241210160503107_3.jar"/>
    <property name="user.script" value=""/>
    <property name="sun.management.compiler" value="HotSpot 64-Bit Tiered Compilers"/>
    <property name="java.runtime.version" value="22.0.1+8"/>
    <property name="user.name" value="EDUCACAO"/>
    <property name="stdout.encoding" value="Cp1252"/>
    <property name="path.separator" value=";"/>
    <property name="os.version" value="10.0"/>
    <property name="java.runtime.name" value="OpenJDK Runtime Environment"/>
    <property name="file.encoding" value="UTF-8"/>
    <property name="java.vm.name" value="OpenJDK 64-Bit Server VM"/>
    <property name="java.vendor.version" value="Temurin-22.0.1+8"/>
    <property name="localRepository" value="C:\Users\EDUCACAO\.m2\repository"/>
    <property name="java.vendor.url.bug" value="https://github.com/adoptium/adoptium-support/issues"/>
    <property name="java.io.tmpdir" value="C:\Users\EDUCACAO\AppData\Local\Temp\"/>
    <property name="java.version" value="22.0.1"/>
    <property name="user.dir" value="C:\Users\EDUCACAO\eclipse-workspace\ProjetoPOO2"/>
    <property name="os.arch" value="amd64"/>
    <property name="java.vm.specification.name" value="Java Virtual Machine Specification"/>
    <property name="sun.os.patch.level" value=""/>
    <property name="native.encoding" value="Cp1252"/>
    <property name="java.library.path" value="C:\Users\EDUCACAO\.p2\pool\plugins\org.eclipse.justj.openjdk.hotspot.jre.full.win32.x86_64_22.0.1.v20240426-1149\jre\bin;C:\Windows\Sun\Java\bin;C:\Windows\system32;C:\Windows;C:/Users/EDUCACAO/.p2/pool/plugins/org.eclipse.justj.openjdk.hotspot.jre.full.win32.x86_64_22.0.1.v20240426-1149/jre/bin/server;C:/Users/EDUCACAO/.p2/pool/plugins/org.eclipse.justj.openjdk.hotspot.jre.full.win32.x86_64_22.0.1.v20240426-1149/jre/bin;C:\Program Files (x86)\Common Files\Oracle\Java\java8path;C:\Program Files (x86)\Common Files\Oracle\Java\javapath;C:\Windows\system32;C:\Windows;C:\Windows\System32\Wbem;C:\Windows\System32\WindowsPowerShell\v1.0\;C:\Windows\System32\OpenSSH\;C:\Program Files\nodejs\;C:\Program Files\Git\cmd;C:\Program Files\MongoDB\Server\8.0\bin;C:\Users\EDUCACAO\AppData\Local\Microsoft\WindowsApps;C:\Users\EDUCACAO\AppData\Local\Programs\Microsoft VS Code\bin;C:\Users\EDUCACAO\AppData\Roaming\npm;C:\Program Files\nodejs;;C:\Windows\System32;;."/>
    <property name="java.vm.info" value="mixed mode"/>
    <property name="stderr.encoding" value="Cp1252"/>
    <property name="java.vendor" value="Eclipse Adoptium"/>
    <property name="java.vm.version" value="22.0.1+8"/>
    <property name="sun.io.unicode.encoding" value="UnicodeLittle"/>
    <property name="java.class.version" value="66.0"/>
  </properties>
  <testcase name="testApp" classname="Chaves.ProjetoLicitacoes.AppTest" time="0.003"/>
</testsuite>