<?xml version="1.0" encoding="UTF-8"?>
<testsuite xmlns:xsi="http://www.w3.org/2001/XMLSchema-instance" xsi:noNamespaceSchemaLocation="https://maven.apache.org/surefire/maven-surefire-plugin/xsd/surefire-test-report-3.0.xsd" version="3.0" name="Chaves.ProjetoLicitacoes.AppTest" time="0.016" tests="1" errors="0" skipped="0" failures="0">
  <properties>
    <property name="java.specification.version" value="22"/>
    <property name="sun.cpu.isalist" value="amd64"/>
    <property name="sun.jnu.encoding" value="Cp1252"/>
    <property name="java.class.path" value="C:\Users\danie\eclipse-workspace\ProjetoLicitacoes\target\test-classes;C:\Users\danie\eclipse-workspace\ProjetoLicitacoes\target\classes;C:\Users\danie\.m2\repository\junit\junit\3.8.1\junit-3.8.1.jar;C:\Users\danie\.m2\repository\org\openjfx\javafx-controls\17.0.8\javafx-controls-17.0.8.jar;C:\Users\danie\.m2\repository\org\openjfx\javafx-controls\17.0.8\javafx-controls-17.0.8-win.jar;C:\Users\danie\.m2\repository\org\openjfx\javafx-fxml\17.0.8\javafx-fxml-17.0.8.jar;C:\Users\danie\.m2\repository\org\openjfx\javafx-fxml\17.0.8\javafx-fxml-17.0.8-win.jar;C:\Users\danie\.m2\repository\org\openjfx\javafx-graphics\17.0.8\javafx-graphics-17.0.8.jar;C:\Users\danie\.m2\repository\org\openjfx\javafx-graphics\17.0.8\javafx-graphics-17.0.8-win.jar;C:\Users\danie\.m2\repository\org\openjfx\javafx-base\17.0.8\javafx-base-17.0.8.jar;C:\Users\danie\.m2\repository\org\openjfx\javafx-base\17.0.8\javafx-base-17.0.8-win.jar;C:\Users\danie\.m2\repository\org\postgresql\postgresql\42.7.4\postgresql-42.7.4.jar;C:\Users\danie\.m2\repository\org\checkerframework\checker-qual\3.42.0\checker-qual-3.42.0.jar;"/>
    <property name="java.vm.vendor" value="Oracle Corporation"/>
    <property name="sun.arch.data.model" value="64"/>
    <property name="user.variant" value=""/>
    <property name="java.vendor.url" value="https://java.oracle.com/"/>
    <property name="user.timezone" value="America/Sao_Paulo"/>
    <property name="os.name" value="Windows 10"/>
    <property name="java.vm.specification.version" value="22"/>
    <property name="sun.java.launcher" value="SUN_STANDARD"/>
    <property name="user.country" value="BR"/>
    <property name="sun.boot.library.path" value="C:\Program Files\Java\jdk-22\bin"/>
    <property name="sun.java.command" value="C:\Users\danie\AppData\Local\Temp\surefire14730824011000005824\surefirebooter-20241208142319713_3.jar C:\Users\danie\AppData\Local\Temp\surefire14730824011000005824 2024-12-08T14-23-19_434-jvmRun1 surefire-20241208142319713_1tmp surefire_0-20241208142319713_2tmp"/>
    <property name="jdk.debug" value="release"/>
    <property name="surefire.test.class.path" value="C:\Users\danie\eclipse-workspace\ProjetoLicitacoes\target\test-classes;C:\Users\danie\eclipse-workspace\ProjetoLicitacoes\target\classes;C:\Users\danie\.m2\repository\junit\junit\3.8.1\junit-3.8.1.jar;C:\Users\danie\.m2\repository\org\openjfx\javafx-controls\17.0.8\javafx-controls-17.0.8.jar;C:\Users\danie\.m2\repository\org\openjfx\javafx-controls\17.0.8\javafx-controls-17.0.8-win.jar;C:\Users\danie\.m2\repository\org\openjfx\javafx-fxml\17.0.8\javafx-fxml-17.0.8.jar;C:\Users\danie\.m2\repository\org\openjfx\javafx-fxml\17.0.8\javafx-fxml-17.0.8-win.jar;C:\Users\danie\.m2\repository\org\openjfx\javafx-graphics\17.0.8\javafx-graphics-17.0.8.jar;C:\Users\danie\.m2\repository\org\openjfx\javafx-graphics\17.0.8\javafx-graphics-17.0.8-win.jar;C:\Users\danie\.m2\repository\org\openjfx\javafx-base\17.0.8\javafx-base-17.0.8.jar;C:\Users\danie\.m2\repository\org\openjfx\javafx-base\17.0.8\javafx-base-17.0.8-win.jar;C:\Users\danie\.m2\repository\org\postgresql\postgresql\42.7.4\postgresql-42.7.4.jar;C:\Users\danie\.m2\repository\org\checkerframework\checker-qual\3.42.0\checker-qual-3.42.0.jar;"/>
    <property name="sun.cpu.endian" value="little"/>
    <property name="user.home" value="C:\Users\danie"/>
    <property name="user.language" value="pt"/>
    <property name="java.specification.vendor" value="Oracle Corporation"/>
    <property name="java.version.date" value="2024-07-16"/>
    <property name="java.home" value="C:\Program Files\Java\jdk-22"/>
    <property name="file.separator" value="\"/>
    <property name="basedir" value="C:\Users\danie\eclipse-workspace\ProjetoLicitacoes"/>
    <property name="style.color" value="always"/>
    <property name="java.vm.compressedOopsMode" value="Zero based"/>
    <property name="line.separator" value="&#10;"/>
    <property name="java.vm.specification.vendor" value="Oracle Corporation"/>
    <property name="java.specification.name" value="Java Platform API Specification"/>
    <property name="surefire.real.class.path" value="C:\Users\danie\AppData\Local\Temp\surefire14730824011000005824\surefirebooter-20241208142319713_3.jar"/>
    <property name="user.script" value=""/>
    <property name="sun.management.compiler" value="HotSpot 64-Bit Tiered Compilers"/>
    <property name="java.runtime.version" value="22.0.2+9-70"/>
    <property name="user.name" value="danie"/>
    <property name="stdout.encoding" value="Cp1252"/>
    <property name="path.separator" value=";"/>
    <property name="os.version" value="10.0"/>
    <property name="java.runtime.name" value="Java(TM) SE Runtime Environment"/>
    <property name="file.encoding" value="UTF-8"/>
    <property name="java.vm.name" value="Java HotSpot(TM) 64-Bit Server VM"/>
    <property name="localRepository" value="C:\Users\danie\.m2\repository"/>
    <property name="java.vendor.url.bug" value="https://bugreport.java.com/bugreport/"/>
    <property name="java.io.tmpdir" value="C:\Users\danie\AppData\Local\Temp\"/>
    <property name="java.version" value="22.0.2"/>
    <property name="user.dir" value="C:\Users\danie\eclipse-workspace\ProjetoLicitacoes"/>
    <property name="os.arch" value="amd64"/>
    <property name="java.vm.specification.name" value="Java Virtual Machine Specification"/>
    <property name="sun.os.patch.level" value=""/>
    <property name="native.encoding" value="Cp1252"/>
    <property name="java.library.path" value="C:\Program Files\Java\jdk-22\bin;C:\Windows\Sun\Java\bin;C:\Windows\system32;C:\Windows;C:/Program Files/Java/jdk-22/bin/server;C:/Program Files/Java/jdk-22/bin;C:\Program Files\Common Files\Oracle\Java\javapath;C:\Program Files (x86)\Common Files\Oracle\Java\java8path;C:\Program Files (x86)\Common Files\Oracle\Java\javapath;C:\Windows\system32;C:\Windows;C:\Windows\System32\Wbem;C:\Windows\System32\WindowsPowerShell\v1.0\;C:\Windows\System32\OpenSSH\;C:\Program Files (x86)\NVIDIA Corporation\PhysX\Common;C:\Program Files\Git\cmd;C:\Program Files\nodejs\;C:\Program Files (x86)\Windows Kits\10\Windows Performance Toolkit\;C:\Program Files\NVIDIA Corporation\NVIDIA app\NvDLISR;C:\Program Files\MongoDB\Server\8.0\bin;C:\Users\danie\AppData\Local\Microsoft\WindowsApps;C:\Users\danie\AppData\Local\Programs\Microsoft VS Code\bin;C:\Users\danie\AppData\Roaming\npm;C:\Users\danie\OneDrive\Área de Trabalho;;."/>
    <property name="java.vm.info" value="mixed mode, sharing"/>
    <property name="stderr.encoding" value="Cp1252"/>
    <property name="java.vendor" value="Oracle Corporation"/>
    <property name="java.vm.version" value="22.0.2+9-70"/>
    <property name="sun.io.unicode.encoding" value="UnicodeLittle"/>
    <property name="java.class.version" value="66.0"/>
  </properties>
  <testcase name="testApp" classname="Chaves.ProjetoLicitacoes.AppTest" time="0.002"/>
</testsuite>